Build started 29/08/2016 12:50:35 PM.
     1>Project "C:\Users\Stephen\Desktop\Lunar City Seven_828_LAB10\Lunar City Seven_824\Lunar City Seven_824.vcxproj" on node 2 (Build target(s)).
     1>ClCompile:
         C:\Program Files (x86)\Microsoft Visual Studio 11.0\VC\bin\CL.exe /c /ZI /nologo /W3 /WX- /Od /Oy- /D WIN32 /D _DEBUG /D _CONSOLE /D _UNICODE /D UNICODE /Gm /EHsc /RTC1 /MDd /GS /fp:precise /Zc:wchar_t /Zc:forScope /Fo"Debug\\" /Fd"Debug\vc110.pdb" /Gd /TP /analyze- /errorReport:prompt GameWorld.cpp
         GameWorld.cpp
     1>c:\users\stephen\desktop\lunar city seven_828_lab10\lunar city seven_824\gameworld.cpp(1628): warning C4244: 'argument' : conversion from 'time_t' to 'unsigned int', possible loss of data
     1>c:\users\stephen\desktop\lunar city seven_828_lab10\lunar city seven_824\gameworld.cpp(220): warning C4715: 'GameWorld::Cafeteria' : not all control paths return a value
     1>c:\users\stephen\desktop\lunar city seven_828_lab10\lunar city seven_824\gameworld.cpp(416): warning C4715: 'GameWorld::airLockB10' : not all control paths return a value
     1>c:\users\stephen\desktop\lunar city seven_828_lab10\lunar city seven_824\gameworld.cpp(337): warning C4715: 'GameWorld::Barracks' : not all control paths return a value
     1>c:\users\stephen\desktop\lunar city seven_828_lab10\lunar city seven_824\gameworld.cpp(604): warning C4715: 'GameWorld::SectorZero' : not all control paths return a value
     1>c:\users\stephen\desktop\lunar city seven_828_lab10\lunar city seven_824\gameworld.cpp(683): warning C4715: 'GameWorld::EVAC' : not all control paths return a value
     1>c:\users\stephen\desktop\lunar city seven_828_lab10\lunar city seven_824\gameworld.cpp(812): warning C4715: 'GameWorld::MainHall' : not all control paths return a value
     1>c:\users\stephen\desktop\lunar city seven_828_lab10\lunar city seven_824\gameworld.cpp(1112): warning C4715: 'GameWorld::PPgenerator' : not all control paths return a value
     1>c:\users\stephen\desktop\lunar city seven_828_lab10\lunar city seven_824\gameworld.cpp(1233): warning C4715: 'GameWorld::PPSafety' : not all control paths return a value
     1>c:\users\stephen\desktop\lunar city seven_828_lab10\lunar city seven_824\gameworld.cpp(1456): warning C4715: 'GameWorld::PPCRoom' : not all control paths return a value
     1>c:\users\stephen\desktop\lunar city seven_828_lab10\lunar city seven_824\gameworld.cpp(1360): warning C4715: 'GameWorld::PPCooling' : not all control paths return a value
       Link:
         C:\Program Files (x86)\Microsoft Visual Studio 11.0\VC\bin\link.exe /ERRORREPORT:PROMPT /OUT:"C:\Users\Stephen\Desktop\Lunar City Seven_828_LAB10\Lunar City Seven_824\Debug\Lunar City Seven_824.exe" /INCREMENTAL /NOLOGO kernel32.lib user32.lib gdi32.lib winspool.lib comdlg32.lib advapi32.lib shell32.lib ole32.lib oleaut32.lib uuid.lib odbc32.lib odbccp32.lib /MANIFEST /MANIFESTUAC:"level='asInvoker' uiAccess='false'" /manifest:embed /DEBUG /PDB:"C:\Users\Stephen\Desktop\Lunar City Seven_828_LAB10\Lunar City Seven_824\Debug\Lunar City Seven_824.pdb" /SUBSYSTEM:CONSOLE /TLBID:1 /DYNAMICBASE /NXCOMPAT /IMPLIB:"C:\Users\Stephen\Desktop\Lunar City Seven_828_LAB10\Lunar City Seven_824\Debug\Lunar City Seven_824.lib" /MACHINE:X86 Debug\alien.obj
         Debug\console.obj
         Debug\main.obj
         Debug\player.obj
         Debug\GameWorld.obj
         Lunar City Seven_824.vcxproj -> C:\Users\Stephen\Desktop\Lunar City Seven_828_LAB10\Lunar City Seven_824\Debug\Lunar City Seven_824.exe
     1>Done Building Project "C:\Users\Stephen\Desktop\Lunar City Seven_828_LAB10\Lunar City Seven_824\Lunar City Seven_824.vcxproj" (Build target(s)).

Build succeeded.

Time Elapsed 00:00:01.40
